<?xml version="1.0" encoding="UTF-8"?>
<!-- Generated by org.testng.reporters.JUnitReportReporter -->
<testsuite hostname="Shraddha" failures="0" tests="1" name="com.ellora.testCases.Notification_Setting" time="24.782" errors="0" timestamp="2025-07-06T13:23:35 IST" skipped="0">
  <testcase classname="com.ellora.testCases.Notification_Setting" name="Notification_Setting_Test" time="24.782"/>
</testsuite> <!-- com.ellora.testCases.Notification_Setting -->
