<?xml version="1.0" encoding="UTF-8"?>
<!-- Generated by org.testng.reporters.JUnitReportReporter -->
<testsuite hostname="Shraddha" failures="0" tests="1" name="com.ellora.testCases.DocumentUploadTest" time="33.407" errors="0" timestamp="2025-03-29T16:22:52 IST" skipped="0">
  <testcase classname="com.ellora.testCases.DocumentUploadTest" name="documentUploadTest" time="33.407"/>
</testsuite> <!-- com.ellora.testCases.DocumentUploadTest -->
