<?xml version="1.0" encoding="UTF-8"?>
<!-- Generated by org.testng.reporters.JUnitReportReporter -->
<testsuite hostname="DESKTOP-NONVOOK" failures="0" tests="1" name="com.ellora.testCases.Notification_Setting" time="23.539" errors="0" timestamp="2025-03-31T12:27:09 IST" skipped="0">
  <testcase classname="com.ellora.testCases.Notification_Setting" name="Notification_Setting_Test" time="23.539"/>
</testsuite> <!-- com.ellora.testCases.Notification_Setting -->
