<?xml version="1.0" encoding="UTF-8"?>
<!-- Generated by org.testng.reporters.JUnitReportReporter -->
<testsuite hostname="Shraddha" failures="0" tests="1" name="com.ellora.testCases.Provider_Settings" time="11.364" errors="0" timestamp="2025-10-03T18:38:22 IST" skipped="0">
  <testcase classname="com.ellora.testCases.Provider_Settings" name="ProviderSetting" time="11.364"/>
</testsuite> <!-- com.ellora.testCases.Provider_Settings -->
