<?xml version="1.0" encoding="UTF-8"?>
<!-- Generated by org.testng.reporters.JUnitReportReporter -->
<testsuite hostname="Shraddha" failures="0" tests="1" name="com.ellora.testCases.Provider_Settings" time="0.002" errors="0" timestamp="2025-07-06T13:23:35 IST" skipped="0">
  <testcase classname="com.ellora.testCases.Provider_Settings" name="ProviderSetting" time="0.002"/>
</testsuite> <!-- com.ellora.testCases.Provider_Settings -->
