<?xml version="1.0" encoding="UTF-8"?>
<!-- Generated by org.testng.reporters.JUnitReportReporter -->
<testsuite hostname="Shraddha" failures="0" tests="1" name="com.ellora.testCases.BookAudioAppointmentTest" time="27.157" errors="0" timestamp="2025-03-09T13:33:36 IST" skipped="0">
  <testcase classname="com.ellora.testCases.BookAudioAppointmentTest" name="bookAudioAppointmentTest" time="27.157"/>
</testsuite> <!-- com.ellora.testCases.BookAudioAppointmentTest -->
