<?xml version="1.0" encoding="UTF-8"?>
<!-- Generated by org.testng.reporters.JUnitReportReporter -->
<testsuite hostname="Shraddha" failures="0" tests="1" name="com.ellora.testCases.BookAudioAppointmentTest" time="26.275" errors="0" timestamp="2025-07-06T13:23:35 IST" skipped="0">
  <testcase classname="com.ellora.testCases.BookAudioAppointmentTest" name="bookAudioAppointmentTest" time="26.275"/>
</testsuite> <!-- com.ellora.testCases.BookAudioAppointmentTest -->
