<?xml version="1.0" encoding="UTF-8"?>
<!-- Generated by org.testng.reporters.JUnitReportReporter -->
<testsuite hostname="Shraddha" failures="0" tests="1" name="com.ellora.testCases.Notification_Setting" time="31.679" errors="0" timestamp="2025-03-30T15:04:40 IST" skipped="0">
  <testcase classname="com.ellora.testCases.Notification_Setting" name="Notification_Setting_Test" time="31.679"/>
</testsuite> <!-- com.ellora.testCases.Notification_Setting -->
